<?xml version="1.0" encoding="UTF-8"?>
<testsuite xmlns:xsi="http://www.w3.org/2001/XMLSchema-instance" xsi:noNamespaceSchemaLocation="https://maven.apache.org/surefire/maven-surefire-plugin/xsd/surefire-test-report.xsd" name="TestHomeController" time="0.287" tests="1" errors="1" skipped="0" failures="0">
  <properties>
[...]
</properties>
  <testcase name="initializationError" classname="TestHomeController" time="0.005">
    <error message="Unable to find a @SpringBootConfiguration, you need to use @ContextConfiguration or @SpringBootTest(classes=...) with your test" type="java.lang.IllegalStateException">java.lang.IllegalStateException: Unable to find a @SpringBootConfiguration, you need to use @ContextConfiguration or @SpringBootTest(classes=...) with your test
</error>
    <system-out><![CDATA[14:24:39.126 [main] DEBUG org.springframework.test.context.junit4.SpringJUnit4ClassRunner - SpringJUnit4ClassRunner constructor called with [class TestHomeController]
14:24:39.133 [main] DEBUG org.springframework.test.context.BootstrapUtils - Instantiating CacheAwareContextLoaderDelegate from class [org.springframework.test.context.cache.DefaultCacheAwareContextLoaderDelegate]
14:24:39.139 [main] DEBUG org.springframework.test.context.BootstrapUtils - Instantiating BootstrapContext using constructor [public org.springframework.test.context.support.DefaultBootstrapContext(java.lang.Class,org.springframework.test.context.CacheAwareContextLoaderDelegate)]
14:24:39.157 [main] DEBUG org.springframework.test.context.BootstrapUtils - Instantiating TestContextBootstrapper for test class [TestHomeController] from class [org.springframework.boot.test.context.SpringBootTestContextBootstrapper]
14:24:39.168 [main] INFO org.springframework.boot.test.context.SpringBootTestContextBootstrapper - Neither @ContextConfiguration nor @ContextHierarchy found for test class [TestHomeController], using SpringBootContextLoader
14:24:39.171 [main] DEBUG org.springframework.test.context.support.AbstractContextLoader - Did not detect default resource location for test class [TestHomeController]: class path resource [TestHomeController-context.xml] does not exist
14:24:39.171 [main] DEBUG org.springframework.test.context.support.AbstractContextLoader - Did not detect default resource location for test class [TestHomeController]: class path resource [TestHomeControllerContext.groovy] does not exist
14:24:39.172 [main] INFO org.springframework.test.context.support.AbstractContextLoader - Could not detect default resource locations for test class [TestHomeController]: no resource found for suffixes {-context.xml, Context.groovy}.
14:24:39.172 [main] INFO org.springframework.test.context.support.AnnotationConfigContextLoaderUtils - Could not detect default configuration classes for test class [TestHomeController]: TestHomeController does not declare any static, non-private, non-final, nested classes annotated with @Configuration.
14:24:39.209 [main] DEBUG org.springframework.test.context.support.ActiveProfilesUtils - Could not find an 'annotation declaring class' for annotation type [org.springframework.test.context.ActiveProfiles] and class [TestHomeController]
14:24:39.216 [main] DEBUG org.springframework.core.env.StandardEnvironment - Adding PropertySource 'systemProperties' with lowest search precedence
14:24:39.216 [main] DEBUG org.springframework.core.env.StandardEnvironment - Adding PropertySource 'systemEnvironment' with lowest search precedence
14:24:39.217 [main] DEBUG org.springframework.core.env.StandardEnvironment - Initialized StandardEnvironment with PropertySources [MapPropertySource@282432134 {name='systemProperties', properties={java.runtime.name=Java(TM) SE Runtime Environment, sun.boot.library.path=/Library/Java/JavaVirtualMachines/jdk1.8.0_151.jdk/Contents/Home/jre/lib, java.vm.version=25.151-b12, gopherProxySet=false, java.vm.vendor=Oracle Corporation, java.vendor.url=http://java.oracle.com/, path.separator=:, java.vm.name=Java HotSpot(TM) 64-Bit Server VM, file.encoding.pkg=sun.io, user.country=US, sun.java.launcher=SUN_STANDARD, sun.os.patch.level=unknown, java.vm.specification.name=Java Virtual Machine Specification, user.dir=/Users/jeromeboyer/Code/GreenCompute/refarch-asset-analytics/asset-dashboard-bff, java.runtime.version=1.8.0_151-b12, basedir=/Users/jeromeboyer/Code/GreenCompute/refarch-asset-analytics/asset-dashboard-bff, java.awt.graphicsenv=sun.awt.CGraphicsEnvironment, java.endorsed.dirs=/Library/Java/JavaVirtualMachines/jdk1.8.0_151.jdk/Contents/Home/jre/lib/endorsed, os.arch=x86_64, surefire.real.class.path=/Users/jeromeboyer/Code/GreenCompute/refarch-asset-analytics/asset-dashboard-bff/target/surefire/surefirebooter1281860665432189505.jar, java.io.tmpdir=/var/folders/y5/2hrzr2kd1hn7mkp804_hx5f00000gn/T/, line.separator=
, java.vm.specification.vendor=Oracle Corporation, os.name=Mac OS X, sun.jnu.encoding=UTF-8, java.library.path=/Users/jeromeboyer/Library/Java/Extensions:/Library/Java/Extensions:/Network/Library/Java/Extensions:/System/Library/Java/Extensions:/usr/lib/java:., surefire.test.class.path=/Users/jeromeboyer/Code/GreenCompute/refarch-asset-analytics/asset-dashboard-bff/target/test-classes:/Users/jeromeboyer/Code/GreenCompute/refarch-asset-analytics/asset-dashboard-bff/target/classes:/Users/jeromeboyer/.m2/repository/org/springframework/boot/spring-boot-starter-web/2.0.3.RELEASE/spring-boot-starter-web-2.0.3.RELEASE.jar:/Users/jeromeboyer/.m2/repository/org/springframework/boot/spring-boot-starter/2.0.3.RELEASE/spring-boot-starter-2.0.3.RELEASE.jar:/Users/jeromeboyer/.m2/repository/org/springframework/boot/spring-boot/2.0.3.RELEASE/spring-boot-2.0.3.RELEASE.jar:/Users/jeromeboyer/.m2/repository/org/springframework/boot/spring-boot-autoconfigure/2.0.3.RELEASE/spring-boot-autoconfigure-2.0.3.RELEASE.jar:/Users/jeromeboyer/.m2/repository/org/springframework/boot/spring-boot-starter-logging/2.0.3.RELEASE/spring-boot-starter-logging-2.0.3.RELEASE.jar:/Users/jeromeboyer/.m2/repository/ch/qos/logback/logback-classic/1.2.3/logback-classic-1.2.3.jar:/Users/jeromeboyer/.m2/repository/ch/qos/logback/logback-core/1.2.3/logback-core-1.2.3.jar:/Users/jeromeboyer/.m2/repository/org/apache/logging/log4j/log4j-to-slf4j/2.10.0/log4j-to-slf4j-2.10.0.jar:/Users/jeromeboyer/.m2/repository/org/apache/logging/log4j/log4j-api/2.10.0/log4j-api-2.10.0.jar:/Users/jeromeboyer/.m2/repository/org/slf4j/jul-to-slf4j/1.7.25/jul-to-slf4j-1.7.25.jar:/Users/jeromeboyer/.m2/repository/javax/annotation/javax.annotation-api/1.3.2/javax.annotation-api-1.3.2.jar:/Users/jeromeboyer/.m2/repository/org/yaml/snakeyaml/1.19/snakeyaml-1.19.jar:/Users/jeromeboyer/.m2/repository/org/springframework/boot/spring-boot-starter-json/2.0.3.RELEASE/spring-boot-starter-json-2.0.3.RELEASE.jar:/Users/jeromeboyer/.m2/repository/com/fasterxml/jackson/core/jackson-databind/2.9.6/jackson-databind-2.9.6.jar:/Users/jeromeboyer/.m2/repository/com/fasterxml/jackson/core/jackson-annotations/2.9.0/jackson-annotations-2.9.0.jar:/Users/jeromeboyer/.m2/repository/com/fasterxml/jackson/core/jackson-core/2.9.6/jackson-core-2.9.6.jar:/Users/jeromeboyer/.m2/repository/com/fasterxml/jackson/datatype/jackson-datatype-jdk8/2.9.6/jackson-datatype-jdk8-2.9.6.jar:/Users/jeromeboyer/.m2/repository/com/fasterxml/jackson/datatype/jackson-datatype-jsr310/2.9.6/jackson-datatype-jsr310-2.9.6.jar:/Users/jeromeboyer/.m2/repository/com/fasterxml/jackson/module/jackson-module-parameter-names/2.9.6/jackson-module-parameter-names-2.9.6.jar:/Users/jeromeboyer/.m2/repository/org/springframework/boot/spring-boot-starter-tomcat/2.0.3.RELEASE/spring-boot-starter-tomcat-2.0.3.RELEASE.jar:/Users/jeromeboyer/.m2/repository/org/apache/tomcat/embed/tomcat-embed-core/8.5.31/tomcat-embed-core-8.5.31.jar:/Users/jeromeboyer/.m2/repository/org/apache/tomcat/embed/tomcat-embed-el/8.5.31/tomcat-embed-el-8.5.31.jar:/Users/jeromeboyer/.m2/repository/org/apache/tomcat/embed/tomcat-embed-websocket/8.5.31/tomcat-embed-websocket-8.5.31.jar:/Users/jeromeboyer/.m2/repository/org/hibernate/validator/hibernate-validator/6.0.10.Final/hibernate-validator-6.0.10.Final.jar:/Users/jeromeboyer/.m2/repository/javax/validation/validation-api/2.0.1.Final/validation-api-2.0.1.Final.jar:/Users/jeromeboyer/.m2/repository/org/jboss/logging/jboss-logging/3.3.2.Final/jboss-logging-3.3.2.Final.jar:/Users/jeromeboyer/.m2/repository/com/fasterxml/classmate/1.3.4/classmate-1.3.4.jar:/Users/jeromeboyer/.m2/repository/org/springframework/spring-web/5.0.7.RELEASE/spring-web-5.0.7.RELEASE.jar:/Users/jeromeboyer/.m2/repository/org/springframework/spring-beans/5.0.7.RELEASE/spring-beans-5.0.7.RELEASE.jar:/Users/jeromeboyer/.m2/repository/org/springframework/spring-webmvc/5.0.7.RELEASE/spring-webmvc-5.0.7.RELEASE.jar:/Users/jeromeboyer/.m2/repository/org/springframework/spring-aop/5.0.7.RELEASE/spring-aop-5.0.7.RELEASE.jar:/Users/jeromeboyer/.m2/repository/org/springframework/spring-context/5.0.7.RELEASE/spring-context-5.0.7.RELEASE.jar:/Users/jeromeboyer/.m2/repository/org/springframework/spring-expression/5.0.7.RELEASE/spring-expression-5.0.7.RELEASE.jar:/Users/jeromeboyer/.m2/repository/org/springframework/boot/spring-boot-starter-test/2.0.3.RELEASE/spring-boot-starter-test-2.0.3.RELEASE.jar:/Users/jeromeboyer/.m2/repository/org/springframework/boot/spring-boot-test/2.0.3.RELEASE/spring-boot-test-2.0.3.RELEASE.jar:/Users/jeromeboyer/.m2/repository/org/springframework/boot/spring-boot-test-autoconfigure/2.0.3.RELEASE/spring-boot-test-autoconfigure-2.0.3.RELEASE.jar:/Users/jeromeboyer/.m2/repository/com/jayway/jsonpath/json-path/2.4.0/json-path-2.4.0.jar:/Users/jeromeboyer/.m2/repository/net/minidev/json-smart/2.3/json-smart-2.3.jar:/Users/jeromeboyer/.m2/repository/net/minidev/accessors-smart/1.2/accessors-smart-1.2.jar:/Users/jeromeboyer/.m2/repository/org/ow2/asm/asm/5.0.4/asm-5.0.4.jar:/Users/jeromeboyer/.m2/repository/org/slf4j/slf4j-api/1.7.25/slf4j-api-1.7.25.jar:/Users/jeromeboyer/.m2/repository/junit/junit/4.12/junit-4.12.jar:/Users/jeromeboyer/.m2/repository/org/assertj/assertj-core/3.9.1/assertj-core-3.9.1.jar:/Users/jeromeboyer/.m2/repository/org/hamcrest/hamcrest-core/1.3/hamcrest-core-1.3.jar:/Users/jeromeboyer/.m2/repository/org/hamcrest/hamcrest-library/1.3/hamcrest-library-1.3.jar:/Users/jeromeboyer/.m2/repository/org/skyscreamer/jsonassert/1.5.0/jsonassert-1.5.0.jar:/Users/jeromeboyer/.m2/repository/com/vaadin/external/google/android-json/0.0.20131108.vaadin1/android-json-0.0.20131108.vaadin1.jar:/Users/jeromeboyer/.m2/repository/org/springframework/spring-core/5.0.7.RELEASE/spring-core-5.0.7.RELEASE.jar:/Users/jeromeboyer/.m2/repository/org/springframework/spring-jcl/5.0.7.RELEASE/spring-jcl-5.0.7.RELEASE.jar:/Users/jeromeboyer/.m2/repository/org/springframework/spring-test/5.0.7.RELEASE/spring-test-5.0.7.RELEASE.jar:/Users/jeromeboyer/.m2/repository/org/xmlunit/xmlunit-core/2.5.1/xmlunit-core-2.5.1.jar:/Users/jeromeboyer/.m2/repository/org/mockito/mockito-core/2.15.0/mockito-core-2.15.0.jar:/Users/jeromeboyer/.m2/repository/net/bytebuddy/byte-buddy/1.7.11/byte-buddy-1.7.11.jar:/Users/jeromeboyer/.m2/repository/net/bytebuddy/byte-buddy-agent/1.7.11/byte-buddy-agent-1.7.11.jar:/Users/jeromeboyer/.m2/repository/org/objenesis/objenesis/2.6/objenesis-2.6.jar:/Users/jeromeboyer/.m2/repository/io/projectreactor/reactor-test/3.1.8.RELEASE/reactor-test-3.1.8.RELEASE.jar:/Users/jeromeboyer/.m2/repository/io/projectreactor/reactor-core/3.1.8.RELEASE/reactor-core-3.1.8.RELEASE.jar:/Users/jeromeboyer/.m2/repository/org/reactivestreams/reactive-streams/1.0.2/reactive-streams-1.0.2.jar:, java.specification.name=Java Platform API Specification, java.class.version=52.0, sun.management.compiler=HotSpot 64-Bit Tiered Compilers, os.version=10.13.5, user.home=/Users/jeromeboyer, user.timezone=America/Los_Angeles, java.awt.printerjob=sun.lwawt.macosx.CPrinterJob, file.encoding=UTF-8, java.specification.version=1.8, java.class.path=/Users/jeromeboyer/Code/GreenCompute/refarch-asset-analytics/asset-dashboard-bff/target/test-classes:/Users/jeromeboyer/Code/GreenCompute/refarch-asset-analytics/asset-dashboard-bff/target/classes:/Users/jeromeboyer/.m2/repository/org/springframework/boot/spring-boot-starter-web/2.0.3.RELEASE/spring-boot-starter-web-2.0.3.RELEASE.jar:/Users/jeromeboyer/.m2/repository/org/springframework/boot/spring-boot-starter/2.0.3.RELEASE/spring-boot-starter-2.0.3.RELEASE.jar:/Users/jeromeboyer/.m2/repository/org/springframework/boot/spring-boot/2.0.3.RELEASE/spring-boot-2.0.3.RELEASE.jar:/Users/jeromeboyer/.m2/repository/org/springframework/boot/spring-boot-autoconfigure/2.0.3.RELEASE/spring-boot-autoconfigure-2.0.3.RELEASE.jar:/Users/jeromeboyer/.m2/repository/org/springframework/boot/spring-boot-starter-logging/2.0.3.RELEASE/spring-boot-starter-logging-2.0.3.RELEASE.jar:/Users/jeromeboyer/.m2/repository/ch/qos/logback/logback-classic/1.2.3/logback-classic-1.2.3.jar:/Users/jeromeboyer/.m2/repository/ch/qos/logback/logback-core/1.2.3/logback-core-1.2.3.jar:/Users/jeromeboyer/.m2/repository/org/apache/logging/log4j/log4j-to-slf4j/2.10.0/log4j-to-slf4j-2.10.0.jar:/Users/jeromeboyer/.m2/repository/org/apache/logging/log4j/log4j-api/2.10.0/log4j-api-2.10.0.jar:/Users/jeromeboyer/.m2/repository/org/slf4j/jul-to-slf4j/1.7.25/jul-to-slf4j-1.7.25.jar:/Users/jeromeboyer/.m2/repository/javax/annotation/javax.annotation-api/1.3.2/javax.annotation-api-1.3.2.jar:/Users/jeromeboyer/.m2/repository/org/yaml/snakeyaml/1.19/snakeyaml-1.19.jar:/Users/jeromeboyer/.m2/repository/org/springframework/boot/spring-boot-starter-json/2.0.3.RELEASE/spring-boot-starter-json-2.0.3.RELEASE.jar:/Users/jeromeboyer/.m2/repository/com/fasterxml/jackson/core/jackson-databind/2.9.6/jackson-databind-2.9.6.jar:/Users/jeromeboyer/.m2/repository/com/fasterxml/jackson/core/jackson-annotations/2.9.0/jackson-annotations-2.9.0.jar:/Users/jeromeboyer/.m2/repository/com/fasterxml/jackson/core/jackson-core/2.9.6/jackson-core-2.9.6.jar:/Users/jeromeboyer/.m2/repository/com/fasterxml/jackson/datatype/jackson-datatype-jdk8/2.9.6/jackson-datatype-jdk8-2.9.6.jar:/Users/jeromeboyer/.m2/repository/com/fasterxml/jackson/datatype/jackson-datatype-jsr310/2.9.6/jackson-datatype-jsr310-2.9.6.jar:/Users/jeromeboyer/.m2/repository/com/fasterxml/jackson/module/jackson-module-parameter-names/2.9.6/jackson-module-parameter-names-2.9.6.jar:/Users/jeromeboyer/.m2/repository/org/springframework/boot/spring-boot-starter-tomcat/2.0.3.RELEASE/spring-boot-starter-tomcat-2.0.3.RELEASE.jar:/Users/jeromeboyer/.m2/repository/org/apache/tomcat/embed/tomcat-embed-core/8.5.31/tomcat-embed-core-8.5.31.jar:/Users/jeromeboyer/.m2/repository/org/apache/tomcat/embed/tomcat-embed-el/8.5.31/tomcat-embed-el-8.5.31.jar:/Users/jeromeboyer/.m2/repository/org/apache/tomcat/embed/tomcat-embed-websocket/8.5.31/tomcat-embed-websocket-8.5.31.jar:/Users/jeromeboyer/.m2/repository/org/hibernate/validator/hibernate-validator/6.0.10.Final/hibernate-validator-6.0.10.Final.jar:/Users/jeromeboyer/.m2/repository/javax/validation/validation-api/2.0.1.Final/validation-api-2.0.1.Final.jar:/Users/jeromeboyer/.m2/repository/org/jboss/logging/jboss-logging/3.3.2.Final/jboss-logging-3.3.2.Final.jar:/Users/jeromeboyer/.m2/repository/com/fasterxml/classmate/1.3.4/classmate-1.3.4.jar:/Users/jeromeboyer/.m2/repository/org/springframework/spring-web/5.0.7.RELEASE/spring-web-5.0.7.RELEASE.jar:/Users/jeromeboyer/.m2/repository/org/springframework/spring-beans/5.0.7.RELEASE/spring-beans-5.0.7.RELEASE.jar:/Users/jeromeboyer/.m2/repository/org/springframework/spring-webmvc/5.0.7.RELEASE/spring-webmvc-5.0.7.RELEASE.jar:/Users/jeromeboyer/.m2/repository/org/springframework/spring-aop/5.0.7.RELEASE/spring-aop-5.0.7.RELEASE.jar:/Users/jeromeboyer/.m2/repository/org/springframework/spring-context/5.0.7.RELEASE/spring-context-5.0.7.RELEASE.jar:/Users/jeromeboyer/.m2/repository/org/springframework/spring-expression/5.0.7.RELEASE/spring-expression-5.0.7.RELEASE.jar:/Users/jeromeboyer/.m2/repository/org/springframework/boot/spring-boot-starter-test/2.0.3.RELEASE/spring-boot-starter-test-2.0.3.RELEASE.jar:/Users/jeromeboyer/.m2/repository/org/springframework/boot/spring-boot-test/2.0.3.RELEASE/spring-boot-test-2.0.3.RELEASE.jar:/Users/jeromeboyer/.m2/repository/org/springframework/boot/spring-boot-test-autoconfigure/2.0.3.RELEASE/spring-boot-test-autoconfigure-2.0.3.RELEASE.jar:/Users/jeromeboyer/.m2/repository/com/jayway/jsonpath/json-path/2.4.0/json-path-2.4.0.jar:/Users/jeromeboyer/.m2/repository/net/minidev/json-smart/2.3/json-smart-2.3.jar:/Users/jeromeboyer/.m2/repository/net/minidev/accessors-smart/1.2/accessors-smart-1.2.jar:/Users/jeromeboyer/.m2/repository/org/ow2/asm/asm/5.0.4/asm-5.0.4.jar:/Users/jeromeboyer/.m2/repository/org/slf4j/slf4j-api/1.7.25/slf4j-api-1.7.25.jar:/Users/jeromeboyer/.m2/repository/junit/junit/4.12/junit-4.12.jar:/Users/jeromeboyer/.m2/repository/org/assertj/assertj-core/3.9.1/assertj-core-3.9.1.jar:/Users/jeromeboyer/.m2/repository/org/hamcrest/hamcrest-core/1.3/hamcrest-core-1.3.jar:/Users/jeromeboyer/.m2/repository/org/hamcrest/hamcrest-library/1.3/hamcrest-library-1.3.jar:/Users/jeromeboyer/.m2/repository/org/skyscreamer/jsonassert/1.5.0/jsonassert-1.5.0.jar:/Users/jeromeboyer/.m2/repository/com/vaadin/external/google/android-json/0.0.20131108.vaadin1/android-json-0.0.20131108.vaadin1.jar:/Users/jeromeboyer/.m2/repository/org/springframework/spring-core/5.0.7.RELEASE/spring-core-5.0.7.RELEASE.jar:/Users/jeromeboyer/.m2/repository/org/springframework/spring-jcl/5.0.7.RELEASE/spring-jcl-5.0.7.RELEASE.jar:/Users/jeromeboyer/.m2/repository/org/springframework/spring-test/5.0.7.RELEASE/spring-test-5.0.7.RELEASE.jar:/Users/jeromeboyer/.m2/repository/org/xmlunit/xmlunit-core/2.5.1/xmlunit-core-2.5.1.jar:/Users/jeromeboyer/.m2/repository/org/mockito/mockito-core/2.15.0/mockito-core-2.15.0.jar:/Users/jeromeboyer/.m2/repository/net/bytebuddy/byte-buddy/1.7.11/byte-buddy-1.7.11.jar:/Users/jeromeboyer/.m2/repository/net/bytebuddy/byte-buddy-agent/1.7.11/byte-buddy-agent-1.7.11.jar:/Users/jeromeboyer/.m2/repository/org/objenesis/objenesis/2.6/objenesis-2.6.jar:/Users/jeromeboyer/.m2/repository/io/projectreactor/reactor-test/3.1.8.RELEASE/reactor-test-3.1.8.RELEASE.jar:/Users/jeromeboyer/.m2/repository/io/projectreactor/reactor-core/3.1.8.RELEASE/reactor-core-3.1.8.RELEASE.jar:/Users/jeromeboyer/.m2/repository/org/reactivestreams/reactive-streams/1.0.2/reactive-streams-1.0.2.jar:, user.name=jeromeboyer, java.vm.specification.version=1.8, sun.java.command=/Users/jeromeboyer/Code/GreenCompute/refarch-asset-analytics/asset-dashboard-bff/target/surefire/surefirebooter1281860665432189505.jar /Users/jeromeboyer/Code/GreenCompute/refarch-asset-analytics/asset-dashboard-bff/target/surefire 2018-06-19T14-24-38_435-jvmRun1 surefire8489296816680307747tmp surefire_07851753626765998124tmp, java.home=/Library/Java/JavaVirtualMachines/jdk1.8.0_151.jdk/Contents/Home/jre, sun.arch.data.model=64, user.language=en, java.specification.vendor=Oracle Corporation, awt.toolkit=sun.lwawt.macosx.LWCToolkit, java.vm.info=mixed mode, java.version=1.8.0_151, java.ext.dirs=/Users/jeromeboyer/Library/Java/Extensions:/Library/Java/JavaVirtualMachines/jdk1.8.0_151.jdk/Contents/Home/jre/lib/ext:/Library/Java/Extensions:/Network/Library/Java/Extensions:/System/Library/Java/Extensions:/usr/lib/java, sun.boot.class.path=/Library/Java/JavaVirtualMachines/jdk1.8.0_151.jdk/Contents/Home/jre/lib/resources.jar:/Library/Java/JavaVirtualMachines/jdk1.8.0_151.jdk/Contents/Home/jre/lib/rt.jar:/Library/Java/JavaVirtualMachines/jdk1.8.0_151.jdk/Contents/Home/jre/lib/sunrsasign.jar:/Library/Java/JavaVirtualMachines/jdk1.8.0_151.jdk/Contents/Home/jre/lib/jsse.jar:/Library/Java/JavaVirtualMachines/jdk1.8.0_151.jdk/Contents/Home/jre/lib/jce.jar:/Library/Java/JavaVirtualMachines/jdk1.8.0_151.jdk/Contents/Home/jre/lib/charsets.jar:/Library/Java/JavaVirtualMachines/jdk1.8.0_151.jdk/Contents/Home/jre/lib/jfr.jar:/Library/Java/JavaVirtualMachines/jdk1.8.0_151.jdk/Contents/Home/jre/classes, java.vendor=Oracle Corporation, localRepository=/Users/jeromeboyer/.m2/repository, file.separator=/, java.vendor.url.bug=http://bugreport.sun.com/bugreport/, sun.io.unicode.encoding=UnicodeBig, sun.cpu.endian=little, sun.cpu.isalist=}}, SystemEnvironmentPropertySource@266437232 {name='systemEnvironment', properties={PATH=/Users/jeromeboyer/.nvm/versions/node/v8.9.4/bin:/usr/local/bin:/Library/Frameworks/Python.framework/Versions/2.7/bin:/usr/local/bin/git/bin:/Library/Frameworks/Python.framework/Versions/3.4/bin:~/Tools/ant/bin:/Users/jeromeboyer/Code/BrownCompute/istio-0.2.0/bin:~/bin:/usr/local/bin:/Library/Frameworks/Python.framework/Versions/2.7/bin:/usr/local/bin/git/bin:/Library/Frameworks/Python.framework/Versions/3.4/bin:~/Tools/ant/bin:/Users/jeromeboyer/Code/BrownCompute/istio-0.2.0/bin:~/bin:/usr/local/bin:/Library/Frameworks/Python.framework/Versions/2.7/bin:/usr/local/bin/git/bin:/Library/Frameworks/Python.framework/Versions/3.4/bin:~/Tools/ant/bin:/Users/jeromeboyer/Code/BrownCompute/istio-0.2.0/bin:~/bin:/usr/local/bin:/usr/bin:/bin:/usr/sbin:/sbin:/usr/local/go/bin:/opt/X11/bin:/usr/local/git/bin:/Users/jeromeboyer/Tools/istio-0.2.9/bin:/Users/jeromeboyer/go/bin:/Users/jeromeboyer/.microclimate:/Users/jeromeboyer/Code/Studies/blockchain/fabric-samples/bin:/Users/jeromeboyer/.microclimate:/Users/jeromeboyer/Tools/istio-0.2.9/bin:/Users/jeromeboyer/go/bin:/Users/jeromeboyer/.microclimate:/Users/jeromeboyer/Code/Studies/blockchain/fabric-samples/bin:/Users/jeromeboyer/.microclimate:/Users/jeromeboyer/Tools/istio-0.2.9/bin:/Users/jeromeboyer/go/bin:/Users/jeromeboyer/.microclimate:/Users/jeromeboyer/Code/Studies/blockchain/fabric-samples/bin:/Users/jeromeboyer/.microclimate, MANPATH=/Users/jeromeboyer/.nvm/versions/node/v8.9.4/share/man:/usr/local/share/man:/Library/Frameworks/Python.framework/Versions/2.7/share/man:/Library/Frameworks/Python.framework/Versions/3.4/share/man:/usr/share/man:/opt/X11/share/man:/usr/local/git/share/man:/Applications/Xcode.app/Contents/Developer/Platforms/MacOSX.platform/Developer/SDKs/MacOSX10.13.sdk/usr/share/man:/Applications/Xcode.app/Contents/Developer/usr/share/man:/Applications/Xcode.app/Contents/Developer/Toolchains/XcodeDefault.xctoolchain/usr/share/man, JAVA_MAIN_CLASS_85294=org.codehaus.plexus.classworlds.launcher.Launcher, JAVA_HOME=/Library/Java/JavaVirtualMachines/jdk1.8.0_151.jdk/Contents/Home/, TERM=xterm-256color, JAVA_MAIN_CLASS_85313=org.apache.maven.surefire.booter.ForkedBooter, LANG=en_US.UTF-8, DISPLAY=/private/tmp/com.apple.launchd.svtjf9dwBf/org.macosforge.xquartz:0, LOGNAME=jeromeboyer, NVM_NODEJS_ORG_MIRROR=https://nodejs.org/dist, XPC_SERVICE_NAME=0, PWD=/Users/jeromeboyer/Code/GreenCompute/refarch-asset-analytics/asset-dashboard-bff, TERM_PROGRAM_VERSION=404, MAVEN_CMD_LINE_ARGS= install, _=/Library/Java/JavaVirtualMachines/jdk1.8.0_151.jdk/Contents/Home/jre/bin/java, NVM_CD_FLAGS=, NVM_DIR=/Users/jeromeboyer/.nvm, SHELL=/bin/bash, TERM_PROGRAM=Apple_Terminal, MAVEN_PROJECTBASEDIR=/Users/jeromeboyer/Code/GreenCompute/refarch-asset-analytics/asset-dashboard-bff, OLDPWD=/Users/jeromeboyer/Code/GreenCompute/refarch-asset-analytics/asset-dashboard-bff, SECURITYSESSIONID=186a8, GOPATH=/Users/jeromeboyer/go, USER=jeromeboyer, TMPDIR=/var/folders/y5/2hrzr2kd1hn7mkp804_hx5f00000gn/T/, SSH_AUTH_SOCK=/private/tmp/com.apple.launchd.ImwiPItJZ6/Listeners, XPC_FLAGS=0x0, TERM_SESSION_ID=08658A5F-31E8-4289-9458-B4FE23AE6D9B, NVM_IOJS_ORG_MIRROR=https://iojs.org/dist, __CF_USER_TEXT_ENCODING=0x1F5:0x0:0x0, Apple_PubSub_Socket_Render=/private/tmp/com.apple.launchd.3K44uUfwe8/Render, NVM_BIN=/Users/jeromeboyer/.nvm/versions/node/v8.9.4/bin, HOME=/Users/jeromeboyer, SHLVL=2}}]
]]></system-out>
  </testcase>
</testsuite>